[debug] [2021-08-12T04:06:44.065Z] ----------------------------------------------------------------------
[debug] [2021-08-12T04:06:44.067Z] Command:       C:\Program Files\nodejs\node.exe C:\Users\Lenovo\Desktop\Work\Smartfarm\node_modules\firebase-tools\lib\bin\firebase.js deploy
[debug] [2021-08-12T04:06:44.067Z] CLI Version:   9.10.0
[debug] [2021-08-12T04:06:44.067Z] Platform:      win32
[debug] [2021-08-12T04:06:44.067Z] Node Version:  v16.5.0
[debug] [2021-08-12T04:06:44.071Z] Time:          Thu Aug 12 2021 11:06:44 GMT+0700 (เวลาอินโดจีน)
[debug] [2021-08-12T04:06:44.071Z] ----------------------------------------------------------------------
[debug] 
[debug] [2021-08-12T04:06:44.074Z] >>> [apiv2][query] GET https://firebase-public.firebaseio.com/cli.json [none]
[debug] [2021-08-12T04:06:44.100Z] > command requires scopes: ["email","openid","https://www.googleapis.com/auth/cloudplatformprojects.readonly","https://www.googleapis.com/auth/firebase","https://www.googleapis.com/auth/cloud-platform"]
[debug] [2021-08-12T04:06:44.101Z] > authorizing via signed-in user (brd.gcp@gmail.com)
[debug] [2021-08-12T04:06:44.101Z] [iam] checking project brr-farmluck for permissions ["firebase.projects.get","firebasehosting.sites.update"]
[debug] [2021-08-12T04:06:44.102Z] > refreshing access token with scopes: ["email","https://www.googleapis.com/auth/cloud-platform","https://www.googleapis.com/auth/cloudplatformprojects.readonly","https://www.googleapis.com/auth/firebase","openid"]
[debug] [2021-08-12T04:06:44.102Z] >>> HTTP REQUEST POST https://www.googleapis.com/oauth2/v3/token  
 <request body omitted>
[debug] [2021-08-12T04:06:44.295Z] <<< HTTP RESPONSE 200 {"date":"Thu, 12 Aug 2021 04:06:44 GMT","cache-control":"no-cache, no-store, max-age=0, must-revalidate","pragma":"no-cache","expires":"Mon, 01 Jan 1990 00:00:00 GMT","content-type":"application/json; charset=utf-8","vary":"X-Origin, Referer, Origin,Accept-Encoding","server":"scaffolding on HTTPServer2","x-xss-protection":"0","x-frame-options":"SAMEORIGIN","x-content-type-options":"nosniff","alt-svc":"h3=\":443\"; ma=2592000,h3-29=\":443\"; ma=2592000,h3-T051=\":443\"; ma=2592000,h3-Q050=\":443\"; ma=2592000,h3-Q046=\":443\"; ma=2592000,h3-Q043=\":443\"; ma=2592000,quic=\":443\"; ma=2592000; v=\"46,43\"","accept-ranges":"none","transfer-encoding":"chunked"}
[debug] [2021-08-12T04:06:44.354Z] >>> HTTP REQUEST POST https://cloudresourcemanager.googleapis.com/v1/projects/brr-farmluck:testIamPermissions  
 {"permissions":["firebase.projects.get","firebasehosting.sites.update"]}
[debug] [2021-08-12T04:06:44.950Z] <<< [apiv2][status] GET https://firebase-public.firebaseio.com/cli.json 200
[debug] [2021-08-12T04:06:44.951Z] <<< [apiv2][body] GET https://firebase-public.firebaseio.com/cli.json {"cloudBuildErrorAfter":1594252800000,"cloudBuildWarnAfter":1590019200000,"defaultNode10After":1594252800000,"minVersion":"3.0.5","node8DeploysDisabledAfter":1613390400000,"node8RuntimeDisabledAfter":1615809600000,"node8WarnAfter":1600128000000}
[debug] [2021-08-12T04:06:45.521Z] <<< HTTP RESPONSE 200 {"content-type":"application/json; charset=UTF-8","vary":"X-Origin, Referer, Origin,Accept-Encoding","date":"Thu, 12 Aug 2021 04:06:46 GMT","server":"ESF","cache-control":"private","x-xss-protection":"0","x-frame-options":"SAMEORIGIN","x-content-type-options":"nosniff","server-timing":"gfet4t7; dur=1028","alt-svc":"h3=\":443\"; ma=2592000,h3-29=\":443\"; ma=2592000,h3-T051=\":443\"; ma=2592000,h3-Q050=\":443\"; ma=2592000,h3-Q046=\":443\"; ma=2592000,h3-Q043=\":443\"; ma=2592000,quic=\":443\"; ma=2592000; v=\"46,43\"","accept-ranges":"none","transfer-encoding":"chunked"}
[debug] [2021-08-12T04:06:45.524Z] > refreshing access token with scopes: []
[debug] [2021-08-12T04:06:45.525Z] >>> HTTP REQUEST POST https://www.googleapis.com/oauth2/v3/token  
 <request body omitted>
[debug] [2021-08-12T04:06:45.737Z] <<< HTTP RESPONSE 200 {"cache-control":"no-cache, no-store, max-age=0, must-revalidate","pragma":"no-cache","expires":"Mon, 01 Jan 1990 00:00:00 GMT","date":"Thu, 12 Aug 2021 04:06:46 GMT","content-type":"application/json; charset=utf-8","vary":"X-Origin, Referer, Origin,Accept-Encoding","server":"scaffolding on HTTPServer2","x-xss-protection":"0","x-frame-options":"SAMEORIGIN","x-content-type-options":"nosniff","alt-svc":"h3=\":443\"; ma=2592000,h3-29=\":443\"; ma=2592000,h3-T051=\":443\"; ma=2592000,h3-Q050=\":443\"; ma=2592000,h3-Q046=\":443\"; ma=2592000,h3-Q043=\":443\"; ma=2592000,quic=\":443\"; ma=2592000; v=\"46,43\"","accept-ranges":"none","transfer-encoding":"chunked"}
[debug] [2021-08-12T04:06:45.748Z] >>> [apiv2][query] GET https://firebase.googleapis.com/v1beta1/projects/brr-farmluck [none]
